Arguments: 
  D:\Program Files\nodejs\node.exe D:\Program Files (x86)\Yarn\bin\yarn.js install

PATH: 
  C:\Program Files (x86)\Common Files\Oracle\Java\javapath;C:\Program Files (x86)\Common Files\Intel\Shared Libraries\redist\intel64\compiler;C:\Windows\system32;C:\Windows;C:\Windows\System32\Wbem;C:\Windows\System32\WindowsPowerShell\v1.0\;C:\Windows\System32\OpenSSH\;D:\Program Files\Go\bin;D:\Program Files\Bandizip\;C:\Program Files\dotnet\;D:\Program Files\Android\Android Studio\jbr\bin;D:\QuickTime\QTSystem\;%NVM_HOME%;D:\Program Files\nodejs;D:\flutter\bin;D:\Program Files\Git\cmd;D:\Program Files\Git\bin;C:\Users\yisar\AppData\Local\Yarn\bin;C:\Program Files\Tailscale\;D:\Program Files (x86)\Yarn\bin\;D:\java8\bin;C:\Users\yisar\AppData\Local\Android\Sdk\platform-tools;;C:\Program Files\Docker\Docker\resources\bin;C:\Users\yisar\AppData\Local\pnpm;C:\Users\yisar\scoop\shims;C:\Users\yisar\.cargo\bin;C:\Users\yisar\AppData\Local\Programs\Python\Python310\Scripts\;C:\Users\yisar\AppData\Local\Programs\Python\Python310\;C:\Users\yisar\AppData\Local\Microsoft\WindowsApps;D:\Users\yisar\AppData\Local\Programs\Microsoft VS Code\bin;D:\Program Files\Git\bin;C:\MinGW\bin;C:\Users\yisar\AppData\Local\Yarn\bin;D:\Users\132\AppData\Roaming\nvm;D:\Program Files\nodejs

Yarn version: 
  1.22.19

Node version: 
  21.6.2

Platform: 
  win32 x64

Trace: 
  Error: http://registry.npmmirror.com/astro-scripts: Not found
      at params.callback [as _callback] (D:\Program Files (x86)\Yarn\lib\cli.js:66145:18)
      at self.callback (D:\Program Files (x86)\Yarn\lib\cli.js:140890:22)
      at Request.emit (node:events:519:28)
      at Request.<anonymous> (D:\Program Files (x86)\Yarn\lib\cli.js:141862:10)
      at Request.emit (node:events:519:28)
      at IncomingMessage.<anonymous> (D:\Program Files (x86)\Yarn\lib\cli.js:141784:12)
      at Object.onceWrapper (node:events:633:28)
      at IncomingMessage.emit (node:events:531:35)
      at endReadableNT (node:internal/streams/readable:1696:12)
      at process.processTicksAndRejections (node:internal/process/task_queues:82:21)

npm manifest: 
  {
    "name": "@astrojs/db",
    "version": "0.9.11",
    "description": "",
    "license": "MIT",
    "type": "module",
    "author": "withastro",
    "types": "./index.d.ts",
    "main": "./dist/index.js",
    "exports": {
      ".": {
        "types": "./index.d.ts",
        "import": "./dist/index.js"
      },
      "./utils": {
        "types": "./dist/utils.d.ts",
        "import": "./dist/utils.js"
      },
      "./runtime": {
        "types": "./dist/runtime/index.d.ts",
        "import": "./dist/runtime/index.js"
      },
      "./dist/runtime/config.js": {
        "import": "./dist/runtime/config.js"
      },
      "./types": {
        "types": "./dist/core/types.d.ts",
        "import": "./dist/core/types.js"
      },
      "./package.json": "./package.json"
    },
    "typesVersions": {
      "*": {
        ".": [
          "./index.d.ts"
        ],
        "types": [
          "./dist/types.d.ts"
        ],
        "utils": [
          "./dist/utils.d.ts"
        ],
        "runtime": [
          "./dist/runtime/index.d.ts"
        ]
      }
    },
    "files": [
      "index.d.ts",
      "virtual.d.ts",
      "dist"
    ],
    "keywords": [
      "withastro",
      "astro-integration"
    ],
    "dependencies": {
      "@libsql/client": "^0.5.5",
      "async-listen": "^3.0.1",
      "deep-diff": "^1.0.2",
      "drizzle-orm": "^0.30.4",
      "github-slugger": "^2.0.0",
      "kleur": "^4.1.5",
      "nanoid": "^5.0.1",
      "open": "^10.0.3",
      "ora": "^7.0.1",
      "prompts": "^2.4.2",
      "strip-ansi": "^7.1.0",
      "yargs-parser": "^21.1.1",
      "zod": "^3.22.4"
    },
    "devDependencies": {
      "@types/chai": "^4.3.6",
      "@types/deep-diff": "^1.0.5",
      "@types/diff": "^5.0.8",
      "@types/mocha": "^10.0.2",
      "@types/prompts": "^2.4.8",
      "@types/yargs-parser": "^21.0.3",
      "chai": "^4.3.10",
      "cheerio": "1.0.0-rc.12",
      "mocha": "^10.2.0",
      "typescript": "^5.2.2",
      "vite": "^5.1.4",
      "astro": "4.5.14",
      "astro-scripts": "0.0.14"
    },
    "scripts": {
      "types:config": "tsc -p ./tsconfig.config-types.json",
      "build": "astro-scripts build \"src/**/*.ts\" && tsc && pnpm types:config",
      "build:ci": "astro-scripts build \"src/**/*.ts\"",
      "dev": "astro-scripts dev \"src/**/*.ts\"",
      "test": "mocha --exit --timeout 20000 \"test/*.js\" \"test/unit/**/*.js\"",
      "test:match": "mocha --timeout 20000 \"test/*.js\" \"test/unit/*.js\" -g"
    }
  }

yarn manifest: 
  No manifest

Lockfile: 
  No lockfile
